[12:37:25] [Thread-5/INFO]: [STDOUT]: SERVER enter state: DORMANT
[12:37:25] [EnvServerSocketHandler/INFO]: Received Mission token ddb69883-5f80-4cf5-bf7a-f01777f899ea:0:0:1:true
[12:37:25] [EnvServerSocketHandler/INFO]: Received mission init command  <MissionInit xmlns="http://ProjectMalmo.microsoft.com" xmlns:xsi="http://www.w3.org/2001/XMLSchema-instance" SchemaVersion="" PlatformVersion="0.37.0"><Mission><About><Summary>MineRLBasaltFindCave-v0</Summary></About><ModSettings><MsPerTick>50</MsPerTick></ModSettings><ServerSection><ServerInitialConditions><Time><AllowPassageOfTime>false</AllowPassageOfTime></Time><AllowSpawning>true</AllowSpawning></ServerInitialConditions><ServerHandlers><DefaultWorldGenerator forceReset="true" generatorOptions="{}"/><ServerQuitFromTimeUp timeLimitMs="180000" description="out_of_time"/><ServerQuitWhenAnyAgentFinishes/></ServerHandlers></ServerSection><AgentSection mode="Survival"><Name>MineRLAgent0</Name><AgentStart><LowLevelInputs>true</LowLevelInputs><GuiScale>1.0</GuiScale><GammaSetting>2.0</GammaSetting><FOVSetting>70.0</FOVSetting><FakeCursorSize>16</FakeCursorSize><Inventory/><PreferredSpawnBiome>plains</PreferredSpawnBiome><DoneOnDeath>true</DoneOnDeath></AgentStart><AgentHandlers><FileBasedPerformanceProducer/><PauseCommand/><VideoProducer want_depth="false"><Width>640</Width><Height>360</Height></VideoProducer><HumanLevelCommands/><CameraCommands/></AgentHandlers></AgentSection></Mission><ExperimentUID>ddb69883-5f80-4cf5-bf7a-f01777f899ea</ExperimentUID><ClientRole>0</ClientRole><ClientAgentConnection><ClientIPAddress>127.0.0.1</ClientIPAddress><ClientMissionControlPort>0</ClientMissionControlPort><ClientCommandsPort>0</ClientCommandsPort><AgentIPAddress>127.0.0.1</AgentIPAddress><AgentMissionControlPort>0</AgentMissionControlPort><AgentVideoPort>0</AgentVideoPort><AgentDepthPort>0</AgentDepthPort><AgentLuminancePort>0</AgentLuminancePort><AgentObservationsPort>0</AgentObservationsPort><AgentRewardsPort>0</AgentRewardsPort><AgentColourMapPort>0</AgentColourMapPort></ClientAgentConnection></MissionInit>
[12:37:26] [Render thread/INFO]: [STDOUT]: *** creating fake mouse cursor ***
[12:37:26] [EnvServerSocketHandler/INFO]: [STDOUT]: Setting width, height to 640, 360
[12:37:26] [EnvServerSocketHandler/INFO]: [STDOUT]: Gamma: 2.0
[12:37:26] [EnvServerSocketHandler/INFO]: [STDOUT]: FOV: 70.0
[12:37:26] [EnvServerSocketHandler/INFO]: [STDOUT]: GuiScale: 1.0
[12:37:26] [Render thread/INFO]: [STDOUT]: Seed not provided, generating random one: -8720515784030908092
[12:37:27] [Render thread/WARN]: Ambiguity between arguments [teleport, destination] and [teleport, targets] with inputs: [Player, 0123, @e, dd12be42-52a9-4a91-a8a1-11c01849e498]
[12:37:27] [Render thread/WARN]: Ambiguity between arguments [teleport, location] and [teleport, destination] with inputs: [0.1 -0.5 .9, 0 0 0]
[12:37:27] [Render thread/WARN]: Ambiguity between arguments [teleport, location] and [teleport, targets] with inputs: [0.1 -0.5 .9, 0 0 0]
[12:37:27] [Render thread/WARN]: Ambiguity between arguments [teleport, targets] and [teleport, destination] with inputs: [Player, 0123, dd12be42-52a9-4a91-a8a1-11c01849e498]
[12:37:27] [Render thread/WARN]: Ambiguity between arguments [teleport, targets, location] and [teleport, targets, destination] with inputs: [0.1 -0.5 .9, 0 0 0]
[12:37:27] [Render thread/INFO]: Reloading ResourceManager: Default
[12:37:27] [Render thread/INFO]: Loaded 7 recipes
[12:37:27] [Render thread/INFO]: Loaded 927 advancements
[12:37:28] [Render thread/INFO]: Environment: authHost='https://authserver.mojang.com', accountsHost='https://api.mojang.com', sessionHost='https://sessionserver.mojang.com', servicesHost='https://api.minecraftservices.com', name='PROD'
[12:37:29] [Render thread/INFO]: Starting integrated minecraft server version 1.16.5
[12:37:29] [Render thread/INFO]: Generating keypair
[12:37:36] [Render thread/INFO]: Preparing start region for dimension minecraft:overworld
[12:37:51] [Render thread/INFO]: Changing view distance to 11, from 10
[12:37:52] [Render thread/INFO]: MineRLAgent0[local:E:539c1f38] logged in with entity id 329 at (994.5, 64.0, 842.5)
[12:37:52] [Render thread/INFO]: MineRLAgent0 joined the game
[12:37:52] [Render thread/INFO]: Preparing spawn area: 0%
[12:37:52] [Render thread/INFO]: Time elapsed: 5 ms
[12:37:53] [Render thread/INFO]: [STDOUT]: Starting new video null
[12:37:53] [Render thread/INFO]: Saving and pausing game...
[12:37:53] [Render thread/INFO]: Saving chunks for level 'ServerLevel[mcpworlda87f530935af]'/minecraft:overworld
[12:37:53] [Render thread/INFO]: Saving chunks for level 'ServerLevel[mcpworlda87f530935af]'/minecraft:the_nether
[12:37:53] [Render thread/INFO]: Saving chunks for level 'ServerLevel[mcpworlda87f530935af]'/minecraft:the_end
[12:37:54] [Render thread/INFO]: Loaded 0 advancements
