[13:53:10] [Thread-5/INFO]: [STDOUT]: SERVER enter state: DORMANT
[13:53:10] [EnvServerSocketHandler/INFO]: Received Mission token 344b4c6b-b902-4094-b657-374915667044:0:0:1:true
[13:53:10] [EnvServerSocketHandler/INFO]: Received mission init command  <MissionInit xmlns="http://ProjectMalmo.microsoft.com" xmlns:xsi="http://www.w3.org/2001/XMLSchema-instance" SchemaVersion="" PlatformVersion="0.37.0"><Mission><About><Summary>MineRLBasaltCreateVillageAnimalPen-v0</Summary></About><ModSettings><MsPerTick>50</MsPerTick></ModSettings><ServerSection><ServerInitialConditions><Time><AllowPassageOfTime>false</AllowPassageOfTime></Time><AllowSpawning>true</AllowSpawning></ServerInitialConditions><ServerHandlers><DefaultWorldGenerator forceReset="true" generatorOptions="{}"/><ServerQuitFromTimeUp timeLimitMs="300000" description="out_of_time"/><ServerQuitWhenAnyAgentFinishes/></ServerHandlers></ServerSection><AgentSection mode="Survival"><Name>MineRLAgent0</Name><AgentStart><LowLevelInputs>true</LowLevelInputs><GuiScale>1.0</GuiScale><GammaSetting>2.0</GammaSetting><FOVSetting>70.0</FOVSetting><FakeCursorSize>16</FakeCursorSize><Inventory><InventoryObject slot="0" type="oak_fence" quantity="64"/><InventoryObject slot="1" type="oak_fence_gate" quantity="64"/><InventoryObject slot="2" type="carrot" quantity="1"/><InventoryObject slot="3" type="wheat_seeds" quantity="1"/><InventoryObject slot="4" type="wheat" quantity="1"/></Inventory><PreferredSpawnBiome>plains</PreferredSpawnBiome><DoneOnDeath>true</DoneOnDeath><SpawnInVillage>true</SpawnInVillage></AgentStart><AgentHandlers><FileBasedPerformanceProducer/><PauseCommand/><VideoProducer want_depth="false"><Width>640</Width><Height>360</Height></VideoProducer><HumanLevelCommands/><CameraCommands/></AgentHandlers></AgentSection></Mission><ExperimentUID>344b4c6b-b902-4094-b657-374915667044</ExperimentUID><ClientRole>0</ClientRole><ClientAgentConnection><ClientIPAddress>127.0.0.1</ClientIPAddress><ClientMissionControlPort>0</ClientMissionControlPort><ClientCommandsPort>0</ClientCommandsPort><AgentIPAddress>127.0.0.1</AgentIPAddress><AgentMissionControlPort>0</AgentMissionControlPort><AgentVideoPort>0</AgentVideoPort><AgentDepthPort>0</AgentDepthPort><AgentLuminancePort>0</AgentLuminancePort><AgentObservationsPort>0</AgentObservationsPort><AgentRewardsPort>0</AgentRewardsPort><AgentColourMapPort>0</AgentColourMapPort></ClientAgentConnection></MissionInit>
[13:53:11] [Render thread/INFO]: [STDOUT]: *** creating fake mouse cursor ***
[13:53:12] [EnvServerSocketHandler/INFO]: [STDOUT]: Setting width, height to 640, 360
[13:53:12] [EnvServerSocketHandler/INFO]: [STDOUT]: Gamma: 2.0
[13:53:12] [EnvServerSocketHandler/INFO]: [STDOUT]: FOV: 70.0
[13:53:12] [EnvServerSocketHandler/INFO]: [STDOUT]: GuiScale: 1.0
[13:53:12] [Render thread/INFO]: [STDOUT]: Seed not provided, generating random one: -2612021645832532274
[13:53:13] [Render thread/WARN]: Ambiguity between arguments [teleport, destination] and [teleport, targets] with inputs: [Player, 0123, @e, dd12be42-52a9-4a91-a8a1-11c01849e498]
[13:53:13] [Render thread/WARN]: Ambiguity between arguments [teleport, location] and [teleport, destination] with inputs: [0.1 -0.5 .9, 0 0 0]
[13:53:13] [Render thread/WARN]: Ambiguity between arguments [teleport, location] and [teleport, targets] with inputs: [0.1 -0.5 .9, 0 0 0]
[13:53:13] [Render thread/WARN]: Ambiguity between arguments [teleport, targets] and [teleport, destination] with inputs: [Player, 0123, dd12be42-52a9-4a91-a8a1-11c01849e498]
[13:53:13] [Render thread/WARN]: Ambiguity between arguments [teleport, targets, location] and [teleport, targets, destination] with inputs: [0.1 -0.5 .9, 0 0 0]
[13:53:13] [Render thread/INFO]: Reloading ResourceManager: Default
[13:53:13] [Render thread/INFO]: Loaded 7 recipes
[13:53:14] [Render thread/INFO]: Loaded 927 advancements
[13:53:15] [Render thread/INFO]: Environment: authHost='https://authserver.mojang.com', accountsHost='https://api.mojang.com', sessionHost='https://sessionserver.mojang.com', servicesHost='https://api.minecraftservices.com', name='PROD'
[13:53:15] [Render thread/INFO]: Starting integrated minecraft server version 1.16.5
[13:53:15] [Render thread/INFO]: Generating keypair
[13:53:25] [Render thread/INFO]: Preparing start region for dimension minecraft:overworld
[13:53:35] [Render thread/INFO]: Changing view distance to 11, from 10
[13:53:36] [Render thread/INFO]: MineRLAgent0[local:E:84a4d50f] logged in with entity id 222 at (-885.5, 65.0, -211.5)
[13:53:36] [Render thread/INFO]: MineRLAgent0 joined the game
[13:53:36] [Render thread/INFO]: Preparing spawn area: 0%
[13:53:36] [Render thread/INFO]: Time elapsed: 5 ms
[13:53:36] [Render thread/INFO]: [STDOUT]: Starting new video null
[13:53:36] [Render thread/INFO]: Saving and pausing game...
[13:53:36] [Render thread/INFO]: Saving chunks for level 'ServerLevel[mcpworld875c02b6acea]'/minecraft:overworld
[13:53:37] [Render thread/INFO]: Saving chunks for level 'ServerLevel[mcpworld875c02b6acea]'/minecraft:the_nether
[13:53:37] [Render thread/INFO]: Saving chunks for level 'ServerLevel[mcpworld875c02b6acea]'/minecraft:the_end
[13:53:38] [Render thread/INFO]: Loaded 4 advancements
[13:54:03] [Render thread/INFO]: Loaded 10 advancements
[13:54:18] [Render thread/WARN]: Unable to play empty soundEvent: minecraft:entity.salmon.ambient
