[12:36:05] [Thread-5/INFO]: [STDOUT]: SERVER enter state: DORMANT
[12:36:05] [EnvServerSocketHandler/INFO]: Received Mission token 1bb1d3fb-2ed9-4f40-9cf5-282351890772:0:0:1:true
[12:36:05] [EnvServerSocketHandler/INFO]: Received mission init command  <MissionInit xmlns="http://ProjectMalmo.microsoft.com" xmlns:xsi="http://www.w3.org/2001/XMLSchema-instance" SchemaVersion="" PlatformVersion="0.37.0"><Mission><About><Summary>MineRLBasaltFindCave-v0</Summary></About><ModSettings><MsPerTick>50</MsPerTick></ModSettings><ServerSection><ServerInitialConditions><Time><AllowPassageOfTime>false</AllowPassageOfTime></Time><AllowSpawning>true</AllowSpawning></ServerInitialConditions><ServerHandlers><DefaultWorldGenerator forceReset="true" generatorOptions="{}"/><ServerQuitFromTimeUp timeLimitMs="180000" description="out_of_time"/><ServerQuitWhenAnyAgentFinishes/></ServerHandlers></ServerSection><AgentSection mode="Survival"><Name>MineRLAgent0</Name><AgentStart><LowLevelInputs>true</LowLevelInputs><GuiScale>1.0</GuiScale><GammaSetting>2.0</GammaSetting><FOVSetting>70.0</FOVSetting><FakeCursorSize>16</FakeCursorSize><Inventory/><PreferredSpawnBiome>plains</PreferredSpawnBiome><DoneOnDeath>true</DoneOnDeath></AgentStart><AgentHandlers><FileBasedPerformanceProducer/><PauseCommand/><VideoProducer want_depth="false"><Width>640</Width><Height>360</Height></VideoProducer><HumanLevelCommands/><CameraCommands/></AgentHandlers></AgentSection></Mission><ExperimentUID>1bb1d3fb-2ed9-4f40-9cf5-282351890772</ExperimentUID><ClientRole>0</ClientRole><ClientAgentConnection><ClientIPAddress>127.0.0.1</ClientIPAddress><ClientMissionControlPort>0</ClientMissionControlPort><ClientCommandsPort>0</ClientCommandsPort><AgentIPAddress>127.0.0.1</AgentIPAddress><AgentMissionControlPort>0</AgentMissionControlPort><AgentVideoPort>0</AgentVideoPort><AgentDepthPort>0</AgentDepthPort><AgentLuminancePort>0</AgentLuminancePort><AgentObservationsPort>0</AgentObservationsPort><AgentRewardsPort>0</AgentRewardsPort><AgentColourMapPort>0</AgentColourMapPort></ClientAgentConnection></MissionInit>
[12:36:06] [EnvServerSocketHandler/INFO]: [STDOUT]: Setting width, height to 640, 360
[12:36:06] [EnvServerSocketHandler/INFO]: [STDOUT]: Gamma: 2.0
[12:36:06] [EnvServerSocketHandler/INFO]: [STDOUT]: FOV: 70.0
[12:36:06] [EnvServerSocketHandler/INFO]: [STDOUT]: GuiScale: 1.0
[12:36:06] [Sound engine/FATAL]: Error executing task on Sound executor
java.lang.NullPointerException: null
	at net.minecraft.client.audio.ChannelManager.lambda$tick$3(ChannelManager.java:57) ~[mcprec-6.13.jar:?]
	at net.minecraft.util.concurrent.ThreadTaskExecutor.run(ThreadTaskExecutor.java:136) ~[mcprec-6.13.jar:?]
	at net.minecraft.util.concurrent.ThreadTaskExecutor.driveOne(ThreadTaskExecutor.java:109) ~[mcprec-6.13.jar:?]
	at net.minecraft.util.concurrent.ThreadTaskExecutor.driveUntil(ThreadTaskExecutor.java:119) ~[mcprec-6.13.jar:?]
	at net.minecraft.client.audio.SoundEngineExecutor.run(SoundEngineExecutor.java:39) ~[mcprec-6.13.jar:?]
	at java.lang.Thread.run(Thread.java:750) [?:1.8.0_361]
[12:36:06] [Render thread/INFO]: [STDOUT]: Seed not provided, generating random one: -5318479936341146497
[12:36:07] [Render thread/WARN]: Ambiguity between arguments [teleport, destination] and [teleport, targets] with inputs: [Player, 0123, @e, dd12be42-52a9-4a91-a8a1-11c01849e498]
[12:36:07] [Render thread/WARN]: Ambiguity between arguments [teleport, location] and [teleport, destination] with inputs: [0.1 -0.5 .9, 0 0 0]
[12:36:07] [Render thread/WARN]: Ambiguity between arguments [teleport, location] and [teleport, targets] with inputs: [0.1 -0.5 .9, 0 0 0]
[12:36:07] [Render thread/WARN]: Ambiguity between arguments [teleport, targets] and [teleport, destination] with inputs: [Player, 0123, dd12be42-52a9-4a91-a8a1-11c01849e498]
[12:36:07] [Render thread/WARN]: Ambiguity between arguments [teleport, targets, location] and [teleport, targets, destination] with inputs: [0.1 -0.5 .9, 0 0 0]
[12:36:07] [Render thread/INFO]: Reloading ResourceManager: Default
[12:36:07] [Render thread/INFO]: Loaded 7 recipes
[12:36:08] [Render thread/INFO]: Loaded 927 advancements
[12:36:08] [Render thread/INFO]: [STDOUT]: *** creating fake mouse cursor ***
[12:36:09] [Render thread/INFO]: Environment: authHost='https://authserver.mojang.com', accountsHost='https://api.mojang.com', sessionHost='https://sessionserver.mojang.com', servicesHost='https://api.minecraftservices.com', name='PROD'
[12:36:09] [Render thread/INFO]: Starting integrated minecraft server version 1.16.5
[12:36:09] [Render thread/INFO]: Generating keypair
[12:36:15] [Render thread/INFO]: Preparing start region for dimension minecraft:overworld
[12:36:27] [Render thread/INFO]: Changing view distance to 11, from 10
[12:36:28] [Render thread/INFO]: MineRLAgent0[local:E:d36bf5a6] logged in with entity id 210 at (-621.5, 75.0, -869.5)
[12:36:28] [Render thread/INFO]: MineRLAgent0 joined the game
[12:36:28] [Render thread/INFO]: Preparing spawn area: 0%
[12:36:28] [Render thread/INFO]: Time elapsed: 4 ms
[12:36:29] [Render thread/INFO]: [STDOUT]: Starting new video null
[12:36:29] [Render thread/INFO]: Saving and pausing game...
[12:36:29] [Render thread/INFO]: Saving chunks for level 'ServerLevel[mcpworld875c02b6acea]'/minecraft:overworld
[12:36:30] [Render thread/INFO]: Saving chunks for level 'ServerLevel[mcpworld875c02b6acea]'/minecraft:the_nether
[12:36:30] [Render thread/INFO]: Saving chunks for level 'ServerLevel[mcpworld875c02b6acea]'/minecraft:the_end
[12:36:30] [Render thread/INFO]: Loaded 0 advancements
